
Start-Date: 2012-03-10  17:38:08
Commandline: apt-get install -o APT::Install-Recommends=false --yes syslinux syslinux-common
Install: syslinux:i386 (4.05+dfsg-2~artax1), syslinux-common:i386 (4.05+dfsg-2~artax1)
End-Date: 2012-03-10  17:38:13

Start-Date: 2012-03-10  17:38:15
Commandline: apt-get remove --purge --yes syslinux syslinux-common
Purge: syslinux:i386 (4.05+dfsg-2~artax1), syslinux-common:i386 (4.05+dfsg-2~artax1)
End-Date: 2012-03-10  17:38:16

Start-Date: 2012-03-10  17:38:20
Commandline: apt-get install -o APT::Install-Recommends=false --yes genisoimage syslinux
Install: syslinux:i386 (4.05+dfsg-2~artax1), genisoimage:i386 (1.1.11-1), syslinux-common:i386 (4.05+dfsg-2~artax1, automatic)
End-Date: 2012-03-10  17:38:21

Start-Date: 2012-03-10  17:38:30
Commandline: apt-get remove --purge --yes genisoimage syslinux
Purge: syslinux:i386 (4.05+dfsg-2~artax1), genisoimage:i386 (1.1.11-1)
End-Date: 2012-03-10  17:38:31

Start-Date: 2012-03-11  03:37:09
Commandline: apt-get install genisoimage
Install: genisoimage:i386 (1.1.11-1)
End-Date: 2012-03-11  03:37:10

Start-Date: 2012-03-11  03:37:25
Commandline: apt-get install -o APT::Install-Recommends=false --yes syslinux
Install: syslinux:i386 (4.05+dfsg-2~artax1)
End-Date: 2012-03-11  03:37:25

Start-Date: 2012-03-11  03:37:33
Commandline: apt-get remove --purge --yes syslinux
Purge: syslinux:i386 (4.05+dfsg-2~artax1)
End-Date: 2012-03-11  03:37:33

Start-Date: 2012-03-11  03:42:48
Commandline: apt-get install -o APT::Install-Recommends=false --yes syslinux
Install: syslinux:i386 (4.05+dfsg-2~artax1)
End-Date: 2012-03-11  03:42:49

Start-Date: 2012-03-11  03:42:57
Commandline: apt-get remove --purge --yes syslinux
Purge: syslinux:i386 (4.05+dfsg-2~artax1)
End-Date: 2012-03-11  03:42:57

Start-Date: 2012-03-11  03:51:38
Commandline: apt-get install -o APT::Install-Recommends=false --yes syslinux
Install: syslinux:i386 (4.05+dfsg-2~artax1)
End-Date: 2012-03-11  03:51:38

Start-Date: 2012-03-11  03:51:52
Commandline: apt-get remove --purge --yes syslinux
Purge: syslinux:i386 (4.05+dfsg-2~artax1)
End-Date: 2012-03-11  03:51:53

Start-Date: 2012-03-11  06:44:33
Commandline: apt-get install -o APT::Install-Recommends=false --yes syslinux
Install: syslinux:i386 (4.05+dfsg-2~artax1)
End-Date: 2012-03-11  06:44:33

Start-Date: 2012-03-11  06:44:55
Commandline: apt-get remove --purge --yes syslinux
Purge: syslinux:i386 (4.05+dfsg-2~artax1)
End-Date: 2012-03-11  06:44:55

Start-Date: 2012-03-11  07:57:11
Commandline: apt-get install -o APT::Install-Recommends=false --yes syslinux
Install: syslinux:i386 (4.05+dfsg-2~artax1)
End-Date: 2012-03-11  07:57:14

Start-Date: 2012-03-11  07:57:36
Commandline: apt-get remove --purge --yes syslinux
Purge: syslinux:i386 (4.05+dfsg-2~artax1)
End-Date: 2012-03-11  07:57:37

Start-Date: 2012-03-11  08:26:40
Commandline: apt-get install syslinux
Install: syslinux:i386 (4.05+dfsg-2~artax1)
End-Date: 2012-03-11  08:26:42

Start-Date: 2012-03-20  12:26:08
Commandline: apt-get -u dist-upgrade
Upgrade: iceweasel-l10n-hy-am:i386 (10.0.2-1~artax1, 10.0.3esr-1~artax1), iceweasel-l10n-af:i386 (10.0.2-1~artax1, 10.0.3esr-1~artax1), iceweasel-l10n-be:i386 (10.0.2-1~artax1, 10.0.3esr-1~artax1), iceweasel-l10n-ca:i386 (10.0.2-1~artax1, 10.0.3esr-1~artax1), iceweasel-l10n-ak:i386 (10.0.2-1~artax1, 10.0.3esr-1~artax1), iceweasel-l10n-bg:i386 (10.0.2-1~artax1, 10.0.3esr-1~artax1), iceweasel-l10n-da:i386 (10.0.2-1~artax1, 10.0.3esr-1~artax1), iceweasel-l10n-ar:i386 (10.0.2-1~artax1, 10.0.3esr-1~artax1), iceweasel-l10n-as:i386 (10.0.2-1~artax1, 10.0.3esr-1~artax1), iceweasel-l10n-de:i386 (10.0.2-1~artax1, 10.0.3esr-1~artax1), iceweasel-l10n-br:i386 (10.0.2-1~artax1, 10.0.3esr-1~artax1), iceweasel-l10n-bs:i386 (10.0.2-1~artax1, 10.0.3esr-1~artax1), iceweasel-l10n-fa:i386 (10.0.2-1~artax1, 10.0.3esr-1~artax1), iceweasel-l10n-cs:i386 (10.0.2-1~artax1, 10.0.3esr-1~artax1), iceweasel-l10n-el:i386 (10.0.2-1~artax1, 10.0.3esr-1~artax1), iceweasel-l10n-gd:i386 (10.0.2-1~artax1, 10.0.3esr-1~artax1), iceweasel-l10n-fi:i386 (10.0.2-1~artax1, 10.0.3esr-1~artax1), iceweasel-l10n-eo:i386 (10.0.2-1~artax1, 10.0.3esr-1~artax1), iceweasel-l10n-cy:i386 (10.0.2-1~artax1, 10.0.3esr-1~artax1), iceweasel-l10n-he:i386 (10.0.2-1~artax1, 10.0.3esr-1~artax1), iceweasel-l10n-et:i386 (10.0.2-1~artax1, 10.0.3esr-1~artax1), iceweasel-l10n-eu:i386 (10.0.2-1~artax1, 10.0.3esr-1~artax1), iceweasel-l10n-gl:i386 (10.0.2-1~artax1, 10.0.3esr-1~artax1), iceweasel-l10n-fr:i386 (10.0.2-1~artax1, 10.0.3esr-1~artax1), iceweasel-l10n-id:i386 (10.0.2-1~artax1, 10.0.3esr-1~artax1), iceweasel-l10n-ja:i386 (10.0.2-1~artax1, 10.0.3esr-1~artax1), iceweasel-l10n-hr:i386 (10.0.2-1~artax1, 10.0.3esr-1~artax1), iceweasel-l10n-hu:i386 (10.0.2-1~artax1, 10.0.3esr-1~artax1), iceweasel-l10n-is:i386 (10.0.2-1~artax1, 10.0.3esr-1~artax1), iceweasel-l10n-it:i386 (10.0.2-1~artax1, 10.0.3esr-1~artax1), iceweasel-l10n-hi-in:i386 (10.0.2-1~artax1, 10.0.3esr-1~artax1), iceweasel-l10n-kk:i386 (10.0.2-1~artax1, 10.0.3esr-1~artax1), iceweasel-l10n-lg:i386 (10.0.2-1~artax1, 10.0.3esr-1~artax1), iceweasel-l10n-kn:i386 (10.0.2-1~artax1, 10.0.3esr-1~artax1), iceweasel-l10n-ko:i386 (10.0.2-1~artax1, 10.0.3esr-1~artax1), iceweasel-l10n-mk:i386 (10.0.2-1~artax1, 10.0.3esr-1~artax1), iceweasel-l10n-ku:i386 (10.0.2-1~artax1, 10.0.3esr-1~artax1), iceweasel-l10n-ml:i386 (10.0.2-1~artax1, 10.0.3esr-1~artax1), iceweasel-l10n-lt:i386 (10.0.2-1~artax1, 10.0.3esr-1~artax1), iceweasel-l10n-nl:i386 (10.0.2-1~artax1, 10.0.3esr-1~artax1), iceweasel-l10n-lv:i386 (10.0.2-1~artax1, 10.0.3esr-1~artax1), iceweasel-l10n-mr:i386 (10.0.2-1~artax1, 10.0.3esr-1~artax1), iceweasel-l10n-pl:i386 (10.0.2-1~artax1, 10.0.3esr-1~artax1), iceweasel-l10n-or:i386 (10.0.2-1~artax1, 10.0.3esr-1~artax1), iceweasel-l10n-ta:i386 (10.0.2-1~artax1, 10.0.3esr-1~artax1), iceweasel-l10n-rm:i386 (10.0.2-1~artax1, 10.0.3esr-1~artax1), iceweasel-l10n-si:i386 (10.0.2-1~artax1, 10.0.3esr-1~artax1), iceweasel-l10n-te:i386 (10.0.2-1~artax1, 10.0.3esr-1~artax1), iceweasel-l10n-ro:i386 (10.0.2-1~artax1, 10.0.3esr-1~artax1), iceweasel-l10n-sk:i386 (10.0.2-1~artax1, 10.0.3esr-1~artax1), iceweasel-l10n-sl:i386 (10.0.2-1~artax1, 10.0.3esr-1~artax1), iceweasel-l10n-th:i386 (10.0.2-1~artax1, 10.0.3esr-1~artax1), iceweasel-l10n-ru:i386 (10.0.2-1~artax1, 10.0.3esr-1~artax1), iceweasel-l10n-sq:i386 (10.0.2-1~artax1, 10.0.3esr-1~artax1), iceweasel-l10n-sr:i386 (10.0.2-1~artax1, 10.0.3esr-1~artax1), iceweasel-l10n-uk:i386 (10.0.2-1~artax1, 10.0.3esr-1~artax1), iceweasel-l10n-tr:i386 (10.0.2-1~artax1, 10.0.3esr-1~artax1), iceweasel-l10n-vi:i386 (10.0.2-1~artax1, 10.0.3esr-1~artax1), iceweasel-l10n-pt-br:i386 (10.0.2-1~artax1, 10.0.3esr-1~artax1), iceweasel-l10n-zu:i386 (10.0.2-1~artax1, 10.0.3esr-1~artax1), iceweasel-l10n-pt-pt:i386 (10.0.2-1~artax1, 10.0.3esr-1~artax1), iceweasel-l10n-sv-se:i386 (10.0.2-1~artax1, 10.0.3esr-1~artax1), iceweasel-l10n-nn-no:i386 (10.0.2-1~artax1, 10.0.3esr-1~artax1), iceweasel-l10n-ta-lk:i386 (10.0.2-1~artax1, 10.0.3esr-1~artax1), lzip:i386 (1.13~rc2-1~artax1, 1.13-1~artax1), linux-image-3.2.0-2artax1-486:i386 (3.2.9-1~artax1, 3.2.10-1~artax1), iceweasel-l10n-ga-ie:i386 (10.0.2-1~artax1, 10.0.3esr-1~artax1), iceweasel-l10n-zh-cn:i386 (10.0.2-1~artax1, 10.0.3esr-1~artax1), iceweasel-l10n-zh-tw:i386 (10.0.2-1~artax1, 10.0.3esr-1~artax1), iceweasel-l10n-fy-nl:i386 (10.0.2-1~artax1, 10.0.3esr-1~artax1), iceweasel-l10n-nb-no:i386 (10.0.2-1~artax1, 10.0.3esr-1~artax1), iceweasel-l10n-en-gb:i386 (10.0.2-1~artax1, 10.0.3esr-1~artax1), iceweasel-l10n-gu-in:i386 (10.0.2-1~artax1, 10.0.3esr-1~artax1), iceweasel:i386 (10.0.2-1~artax1, 10.0.3esr-1~artax1), iceweasel-l10n-en-za:i386 (10.0.2-1~artax1, 10.0.3esr-1~artax1), libmozjs10d:i386 (10.0.2-1~artax1, 10.0.3esr-1~artax1), iceweasel-l10n-bn-bd:i386 (10.0.2-1~artax1, 10.0.3esr-1~artax1), iceweasel-l10n-bn-in:i386 (10.0.2-1~artax1, 10.0.3esr-1~artax1), iceweasel-l10n-all:i386 (10.0.2-1~artax1, 10.0.3esr-1~artax1), iceweasel-l10n-ast:i386 (10.0.2-1~artax1, 10.0.3esr-1~artax1), iceweasel-l10n-csb:i386 (10.0.2-1~artax1, 10.0.3esr-1~artax1), iceweasel-l10n-es-ar:i386 (10.0.2-1~artax1, 10.0.3esr-1~artax1), iceweasel-l10n-es-cl:i386 (10.0.2-1~artax1, 10.0.3esr-1~artax1), iceweasel-l10n-es-es:i386 (10.0.2-1~artax1, 10.0.3esr-1~artax1), iceweasel-l10n-es-mx:i386 (10.0.2-1~artax1, 10.0.3esr-1~artax1), iceweasel-l10n-mai:i386 (10.0.2-1~artax1, 10.0.3esr-1~artax1), iceweasel-l10n-nso:i386 (10.0.2-1~artax1, 10.0.3esr-1~artax1), iceweasel-l10n-son:i386 (10.0.2-1~artax1, 10.0.3esr-1~artax1), xulrunner-10.0:i386 (10.0.2-1~artax1, 10.0.3esr-1~artax1), plymouth:i386 (0.8.3-17webconverger2, 0.8.3-20~artax1), iceweasel-l10n-pa-in:i386 (10.0.2-1~artax1, 10.0.3esr-1~artax1)
Error: Sub-process /usr/bin/dpkg returned an error code (1)
End-Date: 2012-03-20  12:26:24

Start-Date: 2012-03-20  12:26:42
Commandline: apt-get -u dist-upgrade
End-Date: 2012-03-20  12:27:06
