2012-02-18 12:16:36 update-alternatives: run with --quiet --install /usr/bin/awk awk /usr/bin/mawk 5 --slave /usr/share/man/man1/awk.1.gz awk.1.gz /usr/share/man/man1/mawk.1.gz --slave /usr/bin/nawk nawk /usr/bin/mawk --slave /usr/share/man/man1/nawk.1.gz nawk.1.gz /usr/share/man/man1/mawk.1.gz
2012-02-18 12:16:36 update-alternatives: link group awk updated to point to /usr/bin/mawk
2012-02-18 12:16:45 update-alternatives: run with --install /usr/sbin/rmt rmt /usr/sbin/rmt-tar 50 --slave /usr/share/man/man8/rmt.8.gz rmt.8.gz /usr/share/man/man8/rmt-tar.8.gz
2012-02-18 12:16:45 update-alternatives: link group rmt updated to point to /usr/sbin/rmt-tar
2012-02-18 12:16:45 update-alternatives: run with --quiet --install /usr/bin/awk awk /usr/bin/mawk 5 --slave /usr/share/man/man1/awk.1.gz awk.1.gz /usr/share/man/man1/mawk.1.gz --slave /usr/bin/nawk nawk /usr/bin/mawk --slave /usr/share/man/man1/nawk.1.gz nawk.1.gz /usr/share/man/man1/mawk.1.gz
2012-02-18 12:16:45 update-alternatives: run with --install /usr/share/man/man7/builtins.7.gz builtins.7.gz /usr/share/man/man7/bash-builtins.7.gz 10
2012-02-18 12:16:45 update-alternatives: link group builtins.7.gz updated to point to /usr/share/man/man7/bash-builtins.7.gz
2012-02-18 12:16:47 update-alternatives: run with --install /usr/bin/pager pager /bin/more 50 --slave /usr/share/man/man1/pager.1.gz pager.1.gz /usr/share/man/man1/more.1.gz
2012-02-18 12:16:47 update-alternatives: link group pager updated to point to /bin/more
2012-02-18 12:16:47 update-alternatives: run with --install /usr/bin/pager pager /usr/bin/pg 10 --slave /usr/share/man/man1/pager.1.gz pager.1.gz /usr/share/man/man1/pg.1.gz
2012-02-18 12:16:57 update-alternatives: run with --install /usr/bin/traceroute traceroute /usr/bin/traceroute.db 100 --slave /usr/sbin/traceroute traceroute.sbin /usr/bin/traceroute.db --slave /usr/share/man/man1/traceroute.1.gz traceroute.1.gz /usr/share/man/man1/traceroute.db.1.gz
2012-02-18 12:16:57 update-alternatives: link group traceroute updated to point to /usr/bin/traceroute.db
2012-02-18 12:16:57 update-alternatives: run with --install /usr/bin/traceroute6 traceroute6 /usr/bin/traceroute6.db 100 --slave /usr/share/man/man1/traceroute6.1.gz traceroute6.1.gz /usr/share/man/man1/traceroute6.db.1.gz
2012-02-18 12:16:57 update-alternatives: link group traceroute6 updated to point to /usr/bin/traceroute6.db
2012-02-18 12:16:57 update-alternatives: run with --install /usr/bin/lft lft /usr/bin/lft.db 100 --slave /usr/share/man/man1/lft.1.gz lft.1.gz /usr/share/man/man1/lft.db.1.gz
2012-02-18 12:16:57 update-alternatives: link group lft updated to point to /usr/bin/lft.db
2012-02-18 12:16:57 update-alternatives: run with --install /usr/bin/traceproto traceproto /usr/bin/traceproto.db 100 --slave /usr/share/man/man1/traceproto.1.gz traceproto.1.gz /usr/share/man/man1/traceproto.db.1.gz
2012-02-18 12:16:57 update-alternatives: link group traceproto updated to point to /usr/bin/traceproto.db
2012-02-18 12:16:57 update-alternatives: run with --install /usr/sbin/tcptraceroute tcptraceroute /usr/sbin/tcptraceroute.db 100 --slave /usr/share/man/man8/tcptraceroute.8.gz tcptraceroute.8.gz /usr/share/man/man8/tcptraceroute.db.8.gz
2012-02-18 12:16:57 update-alternatives: link group tcptraceroute updated to point to /usr/sbin/tcptraceroute.db
2012-02-18 12:16:57 update-alternatives: run with --install /usr/bin/write write /usr/bin/bsd-write 100 --slave /usr/share/man/man1/write.1.gz write.1.gz /usr/share/man/man1/bsd-write.1.gz
2012-02-18 12:16:57 update-alternatives: link group write updated to point to /usr/bin/bsd-write
2012-02-18 12:16:57 update-alternatives: run with --install /usr/bin/from from /usr/bin/bsd-from 10 --slave /usr/share/man/man1/from.1.gz from.1.gz /usr/share/man/man1/bsd-from.1.gz
2012-02-18 12:16:57 update-alternatives: link group from updated to point to /usr/bin/bsd-from
2012-02-18 12:16:57 update-alternatives: run with --install /bin/nc nc /bin/nc.traditional 10 --slave /bin/netcat netcat /bin/nc.traditional --slave /usr/share/man/man1/nc.1.gz nc.1.gz /usr/share/man/man1/nc_traditional.1.gz --slave /usr/share/man/man1/netcat.1.gz netcat.1.gz /usr/share/man/man1/nc_traditional.1.gz
2012-02-18 12:16:57 update-alternatives: link group nc updated to point to /bin/nc.traditional
2012-02-18 12:16:57 update-alternatives: run with --install /usr/bin/infobrowser infobrowser /usr/bin/info 60 --slave /usr/share/man/man1/infobrowser.1.gz infobrowser.1.gz /usr/share/man/man1/info.1.gz
2012-02-18 12:16:57 update-alternatives: link group infobrowser updated to point to /usr/bin/info
2012-02-18 12:16:57 update-alternatives: run with --install /usr/bin/editor editor /bin/nano 40 --slave /usr/share/man/man1/editor.1.gz editor.1.gz /usr/share/man/man1/nano.1.gz
2012-02-18 12:16:57 update-alternatives: link group editor updated to point to /bin/nano
2012-02-18 12:16:57 update-alternatives: run with --install /usr/bin/pico pico /bin/nano 10 --slave /usr/share/man/man1/pico.1.gz pico.1.gz /usr/share/man/man1/nano.1.gz
2012-02-18 12:16:57 update-alternatives: link group pico updated to point to /bin/nano
2012-02-18 12:16:57 update-alternatives: run with --install /bin/mt mt /bin/mt-gnu 10 --slave /usr/share/man/man1/mt.1.gz mt.1.gz /usr/share/man/man1/mt-gnu.1.gz
2012-02-18 12:16:57 update-alternatives: link group mt updated to point to /bin/mt-gnu
2012-02-18 12:16:58 update-alternatives: run with --install /usr/bin/rview rview /usr/bin/vim.tiny 10
2012-02-18 12:16:58 update-alternatives: link group rview updated to point to /usr/bin/vim.tiny
2012-02-18 12:16:58 update-alternatives: run with --install /usr/bin/vi vi /usr/bin/vim.tiny 10 --slave /usr/share/man/fr/man1/vi.1.gz vi.fr.1.gz /usr/share/man/fr/man1/vim.1.gz --slave /usr/share/man/it/man1/vi.1.gz vi.it.1.gz /usr/share/man/it/man1/vim.1.gz --slave /usr/share/man/pl/man1/vi.1.gz vi.pl.1.gz /usr/share/man/pl/man1/vim.1.gz --slave /usr/share/man/ru/man1/vi.1.gz vi.ru.1.gz /usr/share/man/ru/man1/vim.1.gz --slave /usr/share/man/man1/vi.1.gz vi.1.gz /usr/share/man/man1/vim.1.gz
2012-02-18 12:16:58 update-alternatives: link group vi updated to point to /usr/bin/vim.tiny
2012-02-18 12:16:58 update-alternatives: run with --install /usr/bin/view view /usr/bin/vim.tiny 10 --slave /usr/share/man/fr/man1/view.1.gz view.fr.1.gz /usr/share/man/fr/man1/vim.1.gz --slave /usr/share/man/it/man1/view.1.gz view.it.1.gz /usr/share/man/it/man1/vim.1.gz --slave /usr/share/man/pl/man1/view.1.gz view.pl.1.gz /usr/share/man/pl/man1/vim.1.gz --slave /usr/share/man/ru/man1/view.1.gz view.ru.1.gz /usr/share/man/ru/man1/vim.1.gz --slave /usr/share/man/man1/view.1.gz view.1.gz /usr/share/man/man1/vim.1.gz
2012-02-18 12:16:58 update-alternatives: link group view updated to point to /usr/bin/vim.tiny
2012-02-18 12:16:58 update-alternatives: run with --install /usr/bin/ex ex /usr/bin/vim.tiny 10 --slave /usr/share/man/fr/man1/ex.1.gz ex.fr.1.gz /usr/share/man/fr/man1/vim.1.gz --slave /usr/share/man/it/man1/ex.1.gz ex.it.1.gz /usr/share/man/it/man1/vim.1.gz --slave /usr/share/man/pl/man1/ex.1.gz ex.pl.1.gz /usr/share/man/pl/man1/vim.1.gz --slave /usr/share/man/ru/man1/ex.1.gz ex.ru.1.gz /usr/share/man/ru/man1/vim.1.gz --slave /usr/share/man/man1/ex.1.gz ex.1.gz /usr/share/man/man1/vim.1.gz
2012-02-18 12:16:58 update-alternatives: link group ex updated to point to /usr/bin/vim.tiny
2012-02-18 12:16:58 update-alternatives: run with --install /usr/bin/editor editor /usr/bin/vim.tiny 10 --slave /usr/share/man/fr/man1/editor.1.gz editor.fr.1.gz /usr/share/man/fr/man1/vim.1.gz --slave /usr/share/man/it/man1/editor.1.gz editor.it.1.gz /usr/share/man/it/man1/vim.1.gz --slave /usr/share/man/pl/man1/editor.1.gz editor.pl.1.gz /usr/share/man/pl/man1/vim.1.gz --slave /usr/share/man/ru/man1/editor.1.gz editor.ru.1.gz /usr/share/man/ru/man1/vim.1.gz --slave /usr/share/man/man1/editor.1.gz editor.1.gz /usr/share/man/man1/vim.1.gz
2012-02-18 12:17:01 update-alternatives: run with --install /usr/bin/w w /usr/bin/w.procps 50 --slave /usr/share/man/man1/w.1.gz w.1.gz /usr/share/man/man1/w.procps.1.gz
2012-02-18 12:17:01 update-alternatives: link group w updated to point to /usr/bin/w.procps
2012-02-18 12:17:03 update-alternatives: run with --install /usr/bin/aptitude aptitude /usr/bin/aptitude-curses 30
2012-02-18 12:17:03 update-alternatives: link group aptitude updated to point to /usr/bin/aptitude-curses
2012-02-20 03:07:56 update-alternatives: run with --install /usr/bin/pager pager /bin/more 50 --slave /usr/share/man/man1/pager.1.gz pager.1.gz /usr/share/man/man1/more.1.gz
2012-02-20 03:07:56 update-alternatives: run with --install /usr/bin/pager pager /usr/bin/pg 10 --slave /usr/share/man/man1/pager.1.gz pager.1.gz /usr/share/man/man1/pg.1.gz
2012-02-20 03:08:04 update-alternatives: run with --install /usr/bin/rview rview /usr/bin/vim.tiny 10
2012-02-20 03:08:04 update-alternatives: run with --install /usr/bin/vi vi /usr/bin/vim.tiny 10 --slave /usr/share/man/fr/man1/vi.1.gz vi.fr.1.gz /usr/share/man/fr/man1/vim.1.gz --slave /usr/share/man/it/man1/vi.1.gz vi.it.1.gz /usr/share/man/it/man1/vim.1.gz --slave /usr/share/man/pl/man1/vi.1.gz vi.pl.1.gz /usr/share/man/pl/man1/vim.1.gz --slave /usr/share/man/ru/man1/vi.1.gz vi.ru.1.gz /usr/share/man/ru/man1/vim.1.gz --slave /usr/share/man/man1/vi.1.gz vi.1.gz /usr/share/man/man1/vim.1.gz
2012-02-20 03:08:04 update-alternatives: run with --install /usr/bin/view view /usr/bin/vim.tiny 10 --slave /usr/share/man/fr/man1/view.1.gz view.fr.1.gz /usr/share/man/fr/man1/vim.1.gz --slave /usr/share/man/it/man1/view.1.gz view.it.1.gz /usr/share/man/it/man1/vim.1.gz --slave /usr/share/man/pl/man1/view.1.gz view.pl.1.gz /usr/share/man/pl/man1/vim.1.gz --slave /usr/share/man/ru/man1/view.1.gz view.ru.1.gz /usr/share/man/ru/man1/vim.1.gz --slave /usr/share/man/man1/view.1.gz view.1.gz /usr/share/man/man1/vim.1.gz
2012-02-20 03:08:04 update-alternatives: run with --install /usr/bin/ex ex /usr/bin/vim.tiny 10 --slave /usr/share/man/fr/man1/ex.1.gz ex.fr.1.gz /usr/share/man/fr/man1/vim.1.gz --slave /usr/share/man/it/man1/ex.1.gz ex.it.1.gz /usr/share/man/it/man1/vim.1.gz --slave /usr/share/man/pl/man1/ex.1.gz ex.pl.1.gz /usr/share/man/pl/man1/vim.1.gz --slave /usr/share/man/ru/man1/ex.1.gz ex.ru.1.gz /usr/share/man/ru/man1/vim.1.gz --slave /usr/share/man/man1/ex.1.gz ex.1.gz /usr/share/man/man1/vim.1.gz
2012-02-20 03:08:04 update-alternatives: run with --install /usr/bin/editor editor /usr/bin/vim.tiny 10 --slave /usr/share/man/fr/man1/editor.1.gz editor.fr.1.gz /usr/share/man/fr/man1/vim.1.gz --slave /usr/share/man/it/man1/editor.1.gz editor.it.1.gz /usr/share/man/it/man1/vim.1.gz --slave /usr/share/man/pl/man1/editor.1.gz editor.pl.1.gz /usr/share/man/pl/man1/vim.1.gz --slave /usr/share/man/ru/man1/editor.1.gz editor.ru.1.gz /usr/share/man/ru/man1/vim.1.gz --slave /usr/share/man/man1/editor.1.gz editor.1.gz /usr/share/man/man1/vim.1.gz
2012-02-20 03:08:59 update-alternatives: run with --quiet --install /lib/cpp cpp /usr/bin/cpp 10
2012-02-20 03:08:59 update-alternatives: link group cpp updated to point to /usr/bin/cpp
2012-02-20 03:09:08 update-alternatives: run with --quiet --install /usr/bin/dwm dwm /usr/bin/dwm.default 100
2012-02-20 03:09:08 update-alternatives: link group dwm updated to point to /usr/bin/dwm.default
2012-02-20 03:09:08 update-alternatives: run with --quiet --install /usr/bin/dwm dwm /usr/bin/dwm.web 50
2012-02-20 03:09:08 update-alternatives: run with --install /usr/bin/x-window-manager x-window-manager /usr/bin/dwm 20 --slave /usr/share/man/man1/x-window-manager.1.gz x-window-manager.1.gz /usr/share/man/man1/dwm.1.gz
2012-02-20 03:09:08 update-alternatives: link group x-window-manager updated to point to /usr/bin/dwm
2012-02-20 03:09:12 update-alternatives: run with --install /usr/bin/x-terminal-emulator x-terminal-emulator /usr/bin/xterm 20 --slave /usr/share/man/man1/x-terminal-emulator.1.gz x-terminal-emulator.1.gz /usr/share/man/man1/xterm.1.gz
2012-02-20 03:09:12 update-alternatives: link group x-terminal-emulator updated to point to /usr/bin/xterm
2012-02-20 03:09:12 update-alternatives: run with --install /usr/bin/x-terminal-emulator x-terminal-emulator /usr/bin/uxterm 20 --slave /usr/share/man/man1/x-terminal-emulator.1.gz x-terminal-emulator.1.gz /usr/share/man/man1/uxterm.1.gz
2012-02-20 03:09:12 update-alternatives: run with --install /usr/bin/x-terminal-emulator x-terminal-emulator /usr/bin/koi8rxterm 20 --slave /usr/share/man/man1/x-terminal-emulator.1.gz x-terminal-emulator.1.gz /usr/share/man/man1/koi8rxterm.1.gz
2012-02-20 03:09:12 update-alternatives: link group x-terminal-emulator updated to point to /usr/bin/uxterm
2012-02-20 03:09:12 update-alternatives: run with --install /usr/bin/x-terminal-emulator x-terminal-emulator /usr/bin/lxterm 30 --slave /usr/share/man/man1/x-terminal-emulator.1.gz x-terminal-emulator.1.gz /usr/share/man/man1/lxterm.1.gz
2012-02-20 03:09:12 update-alternatives: link group x-terminal-emulator updated to point to /usr/bin/lxterm
2012-02-20 03:09:20 update-alternatives: run with --install /usr/bin/rename rename /usr/bin/prename 60 --slave /usr/share/man/man1/rename.1.gz rename.1.gz /usr/share/man/man1/prename.1.gz
2012-02-20 03:09:20 update-alternatives: link group rename updated to point to /usr/bin/prename
2012-02-20 03:09:21 update-alternatives: run with --quiet --install /usr/lib/mozilla/plugins/flash-mozilla.so flash-mozilla.so /usr/lib/adobe/flash-player/libflashplayer.so 100
2012-02-20 03:09:21 update-alternatives: link group flash-mozilla.so updated to point to /usr/lib/adobe/flash-player/libflashplayer.so
2012-02-20 03:09:21 update-alternatives: run with --install /usr/bin/x-www-browser x-www-browser /usr/bin/iceweasel 70 --slave /usr/share/man/man1/x-www-browser.1.gz x-www-browser.1.gz /usr/share/man/man1/iceweasel.1.gz
2012-02-20 03:09:21 update-alternatives: link group x-www-browser updated to point to /usr/bin/iceweasel
2012-02-20 03:09:21 update-alternatives: run with --install /usr/bin/gnome-www-browser gnome-www-browser /usr/bin/iceweasel 70 --slave /usr/share/man/man1/gnome-www-browser.1.gz gnome-www-browser.1.gz /usr/share/man/man1/iceweasel.1.gz
2012-02-20 03:09:21 update-alternatives: link group gnome-www-browser updated to point to /usr/bin/iceweasel
