warning, in file '/var/lib/dpkg/status' near line 3 package 'dpkg':
 missing description
warning, in file '/var/lib/dpkg/status' near line 3 package 'dpkg':
 missing maintainer
Selecting previously deselected package base-files.
dpkg: regarding .../base-files_6.0squeeze4_i386.deb containing base-files, pre-dependency problem:
 base-files pre-depends on awk
  awk is not installed.
dpkg: warning: ignoring pre-dependency problem!
(Reading database ... 0 files and directories currently installed.)
Unpacking base-files (from .../base-files_6.0squeeze4_i386.deb) ...
Selecting previously deselected package base-passwd.
Unpacking base-passwd (from .../base-passwd_3.5.22_i386.deb) ...
dpkg: base-passwd: dependency problems, but configuring anyway as you requested:
 base-passwd depends on libc6 (>= 2.1); however:
  Package libc6 is not installed.
Setting up base-passwd (3.5.22) ...
dpkg: base-files: dependency problems, but configuring anyway as you requested:
 base-files depends on awk; however:
  Package awk is not installed.
Setting up base-files (6.0squeeze4) ...
warning, in file '/var/lib/dpkg/status' near line 44 package 'dpkg':
 missing description
warning, in file '/var/lib/dpkg/status' near line 44 package 'dpkg':
 missing maintainer
dpkg: regarding .../dpkg_1.15.8.12_i386.deb containing dpkg, pre-dependency problem:
 dpkg pre-depends on libbz2-1.0
  libbz2-1.0 is not installed.
dpkg: warning: ignoring pre-dependency problem!
dpkg: regarding .../dpkg_1.15.8.12_i386.deb containing dpkg, pre-dependency problem:
 dpkg pre-depends on libc6 (>= 2.6)
dpkg: warning: ignoring pre-dependency problem!
dpkg: regarding .../dpkg_1.15.8.12_i386.deb containing dpkg, pre-dependency problem:
 dpkg pre-depends on libselinux1 (>= 1.32)
dpkg: warning: ignoring pre-dependency problem!
dpkg: regarding .../dpkg_1.15.8.12_i386.deb containing dpkg, pre-dependency problem:
 dpkg pre-depends on zlib1g (>= 1:1.1.4)
dpkg: warning: ignoring pre-dependency problem!
dpkg: regarding .../dpkg_1.15.8.12_i386.deb containing dpkg, pre-dependency problem:
 dpkg pre-depends on coreutils (>= 5.93-1)
dpkg: warning: ignoring pre-dependency problem!
dpkg: regarding .../dpkg_1.15.8.12_i386.deb containing dpkg, pre-dependency problem:
 dpkg pre-depends on xz-utils
  xz-utils is not installed.
dpkg: warning: ignoring pre-dependency problem!
(Reading database ... 102 files and directories currently installed.)
Preparing to replace dpkg 1.15.8.12 (using .../dpkg_1.15.8.12_i386.deb) ...
Unpacking replacement dpkg ...
dpkg: dpkg: dependency problems, but configuring anyway as you requested:
 dpkg depends on libbz2-1.0; however:
  Package libbz2-1.0 is not installed.
 dpkg depends on libc6 (>= 2.6); however:
  Package libc6 is not installed.
 dpkg depends on libselinux1 (>= 1.32); however:
  Package libselinux1 is not installed.
 dpkg depends on zlib1g (>= 1:1.1.4); however:
  Package zlib1g is not installed.
 dpkg depends on coreutils (>= 5.93-1); however:
  Package coreutils is not installed.
 dpkg depends on xz-utils; however:
  Package xz-utils is not installed.
Setting up dpkg (1.15.8.12) ...
Selecting previously deselected package libc6.
(Reading database ... 349 files and directories currently installed.)
Unpacking libc6 (from .../libc6_2.11.3-2_i386.deb) ...
dpkg: libc6: dependency problems, but configuring anyway as you requested:
 libc6 depends on libc-bin (= 2.11.3-2); however:
  Package libc-bin is not installed.
 libc6 depends on libgcc1; however:
  Package libgcc1 is not installed.
Setting up libc6 (2.11.3-2) ...
Selecting previously deselected package perl-base.
(Reading database ... 656 files and directories currently installed.)
Unpacking perl-base (from .../perl-base_5.10.1-17squeeze3_i386.deb) ...
Setting up perl-base (5.10.1-17squeeze3) ...
Selecting previously deselected package mawk.
(Reading database ... 1295 files and directories currently installed.)
Unpacking mawk (from .../mawk_1.3.3-15_i386.deb) ...
Setting up mawk (1.3.3-15) ...
Selecting previously deselected package debconf.
(Reading database ... 1314 files and directories currently installed.)
Unpacking debconf (from .../debconf_1.5.36.1_all.deb) ...
dpkg: debconf: dependency problems, but configuring anyway as you requested:
 debconf depends on debconf-i18n | debconf-english; however:
  Package debconf-i18n is not installed.
  Package debconf-english is not installed.
Setting up debconf (1.5.36.1) ...
Selecting previously deselected package libacl1.
(Reading database ... 1494 files and directories currently installed.)
Unpacking libacl1 (from .../libacl1_2.2.49-4_i386.deb) ...
Selecting previously deselected package libattr1.
Unpacking libattr1 (from .../libattr1_1%3a2.4.44-2_i386.deb) ...
Preparing to replace base-files 6.0squeeze4 (using .../base-files_6.0squeeze4_i386.deb) ...
Unpacking replacement base-files ...
Preparing to replace base-passwd 3.5.22 (using .../base-passwd_3.5.22_i386.deb) ...
Unpacking replacement base-passwd ...
Selecting previously deselected package bash.
dpkg: regarding .../archives/bash_4.1-3_i386.deb containing bash, pre-dependency problem:
 bash pre-depends on dash (>= 0.5.5.1-2.2)
dpkg: warning: ignoring pre-dependency problem!
dpkg: regarding .../archives/bash_4.1-3_i386.deb containing bash, pre-dependency problem:
 bash pre-depends on libncurses5 (>= 5.7+20100313)
dpkg: warning: ignoring pre-dependency problem!
Unpacking bash (from .../archives/bash_4.1-3_i386.deb) ...
The bash upgrade discovered that your /bin/sh link points to dash.
As bash for Debian is destined to provide a working /bin/sh (pointing to
/bin/bash) your link will be overwritten by a default link.

If you don't want further upgrades to overwrite your customization, please
read /usr/share/doc/bash/README.Debian.gz for a more permanent solution.

[Press RETURN to continue]
Selecting previously deselected package libbz2-1.0.
Unpacking libbz2-1.0 (from .../libbz2-1.0_1.0.5-6+squeeze1_i386.deb) ...
Selecting previously deselected package coreutils.
dpkg: regarding .../coreutils_8.5-1_i386.deb containing coreutils, pre-dependency problem:
 coreutils pre-depends on libacl1 (>= 2.2.11-1)
  libacl1 is unpacked, but has never been configured.
dpkg: warning: ignoring pre-dependency problem!
dpkg: regarding .../coreutils_8.5-1_i386.deb containing coreutils, pre-dependency problem:
 coreutils pre-depends on libattr1 (>= 2.4.41-1)
  libattr1 is unpacked, but has never been configured.
dpkg: warning: ignoring pre-dependency problem!
dpkg: regarding .../coreutils_8.5-1_i386.deb containing coreutils, pre-dependency problem:
 coreutils pre-depends on libselinux1 (>= 1.32)
dpkg: warning: ignoring pre-dependency problem!
Unpacking coreutils (from .../coreutils_8.5-1_i386.deb) ...
Selecting previously deselected package dash.
Unpacking dash (from .../dash_0.5.5.1-7.4_i386.deb) ...
Adding 'diversion of /bin/sh to /bin/sh.distrib by dash'
Adding 'diversion of /usr/share/man/man1/sh.1.gz to /usr/share/man/man1/sh.distrib.1.gz by dash'
Selecting previously deselected package libdb4.8.
Unpacking libdb4.8 (from .../libdb4.8_4.8.30-2_i386.deb) ...
Selecting previously deselected package debconf-i18n.
Unpacking debconf-i18n (from .../debconf-i18n_1.5.36.1_all.deb) ...
Preparing to replace debconf 1.5.36.1 (using .../debconf_1.5.36.1_all.deb) ...
Unpacking replacement debconf ...
Selecting previously deselected package debianutils.
Unpacking debianutils (from .../debianutils_3.4_i386.deb) ...
Selecting previously deselected package diffutils.
Unpacking diffutils (from .../diffutils_1%3a3.0-1_i386.deb) ...
dpkg: regarding .../dpkg_1.15.8.12_i386.deb containing dpkg, pre-dependency problem:
 dpkg pre-depends on libbz2-1.0
  libbz2-1.0 is unpacked, but has never been configured.
dpkg: warning: ignoring pre-dependency problem!
dpkg: regarding .../dpkg_1.15.8.12_i386.deb containing dpkg, pre-dependency problem:
 dpkg pre-depends on libselinux1 (>= 1.32)
dpkg: warning: ignoring pre-dependency problem!
dpkg: regarding .../dpkg_1.15.8.12_i386.deb containing dpkg, pre-dependency problem:
 dpkg pre-depends on zlib1g (>= 1:1.1.4)
dpkg: warning: ignoring pre-dependency problem!
dpkg: regarding .../dpkg_1.15.8.12_i386.deb containing dpkg, pre-dependency problem:
 dpkg pre-depends on coreutils (>= 5.93-1)
  coreutils is unpacked, but has never been configured.
dpkg: warning: ignoring pre-dependency problem!
dpkg: regarding .../dpkg_1.15.8.12_i386.deb containing dpkg, pre-dependency problem:
 dpkg pre-depends on xz-utils
  xz-utils is not installed.
dpkg: warning: ignoring pre-dependency problem!
Preparing to replace dpkg 1.15.8.12 (using .../dpkg_1.15.8.12_i386.deb) ...
Unpacking replacement dpkg ...
Selecting previously deselected package e2fslibs.
Unpacking e2fslibs (from .../e2fslibs_1.41.12-4stable1_i386.deb) ...
Selecting previously deselected package e2fsprogs.
dpkg: regarding .../e2fsprogs_1.41.12-4stable1_i386.deb containing e2fsprogs, pre-dependency problem:
 e2fsprogs pre-depends on e2fslibs (= 1.41.12-4stable1)
  e2fslibs is unpacked, but has never been configured.
dpkg: warning: ignoring pre-dependency problem!
dpkg: regarding .../e2fsprogs_1.41.12-4stable1_i386.deb containing e2fsprogs, pre-dependency problem:
 e2fsprogs pre-depends on libblkid1 (>= 2.17.2)
dpkg: warning: ignoring pre-dependency problem!
dpkg: regarding .../e2fsprogs_1.41.12-4stable1_i386.deb containing e2fsprogs, pre-dependency problem:
 e2fsprogs pre-depends on libcomerr2 (>= 1.34-1)
dpkg: warning: ignoring pre-dependency problem!
dpkg: regarding .../e2fsprogs_1.41.12-4stable1_i386.deb containing e2fsprogs, pre-dependency problem:
 e2fsprogs pre-depends on libss2 (>= 1.34-1)
dpkg: warning: ignoring pre-dependency problem!
dpkg: regarding .../e2fsprogs_1.41.12-4stable1_i386.deb containing e2fsprogs, pre-dependency problem:
 e2fsprogs pre-depends on libuuid1 (>= 2.16)
dpkg: warning: ignoring pre-dependency problem!
dpkg: regarding .../e2fsprogs_1.41.12-4stable1_i386.deb containing e2fsprogs, pre-dependency problem:
 e2fsprogs pre-depends on util-linux (>= 2.15~rc1-1)
dpkg: warning: ignoring pre-dependency problem!
Unpacking e2fsprogs (from .../e2fsprogs_1.41.12-4stable1_i386.deb) ...
Selecting previously deselected package libcomerr2.
Unpacking libcomerr2 (from .../libcomerr2_1.41.12-4stable1_i386.deb) ...
Selecting previously deselected package libss2.
Unpacking libss2 (from .../libss2_1.41.12-4stable1_i386.deb) ...
Selecting previously deselected package libc-bin.
Unpacking libc-bin (from .../libc-bin_2.11.3-2_i386.deb) ...
Preparing to replace libc6 2.11.3-2 (using .../libc6_2.11.3-2_i386.deb) ...
Unpacking replacement libc6 ...
Selecting previously deselected package findutils.
Unpacking findutils (from .../findutils_4.4.2-1+b1_i386.deb) ...
Selecting previously deselected package gcc-4.4-base.
Unpacking gcc-4.4-base (from .../gcc-4.4-base_4.4.5-8_i386.deb) ...
Selecting previously deselected package libgcc1.
Unpacking libgcc1 (from .../libgcc1_1%3a4.4.5-8_i386.deb) ...
Selecting previously deselected package libstdc++6.
Unpacking libstdc++6 (from .../libstdc++6_4.4.5-8_i386.deb) ...
Selecting previously deselected package grep.
Unpacking grep (from .../archives/grep_2.6.3-3_i386.deb) ...
Selecting previously deselected package gzip.
Unpacking gzip (from .../gzip_1.3.12-9_i386.deb) ...
Selecting previously deselected package hostname.
Unpacking hostname (from .../hostname_3.04_i386.deb) ...
Selecting previously deselected package insserv.
Unpacking insserv (from .../insserv_1.14.0-2_i386.deb) ...
Selecting previously deselected package lsb-base.
Unpacking lsb-base (from .../lsb-base_3.2-23.2squeeze1_all.deb) ...
Selecting previously deselected package liblocale-gettext-perl.
Unpacking liblocale-gettext-perl (from .../liblocale-gettext-perl_1.05-6_i386.deb) ...
Selecting previously deselected package libselinux1.
Unpacking libselinux1 (from .../libselinux1_2.0.96-1_i386.deb) ...
Selecting previously deselected package libsepol1.
Unpacking libsepol1 (from .../libsepol1_2.0.41-1_i386.deb) ...
Selecting previously deselected package libtext-charwidth-perl.
Unpacking libtext-charwidth-perl (from .../libtext-charwidth-perl_0.04-6_i386.deb) ...
Selecting previously deselected package libtext-iconv-perl.
Unpacking libtext-iconv-perl (from .../libtext-iconv-perl_1.7-2_i386.deb) ...
Selecting previously deselected package libtext-wrapi18n-perl.
Unpacking libtext-wrapi18n-perl (from .../libtext-wrapi18n-perl_0.06-7_all.deb) ...
Preparing to replace mawk 1.3.3-15 (using .../mawk_1.3.3-15_i386.deb) ...
Unpacking replacement mawk ...
Selecting previously deselected package libncurses5.
Unpacking libncurses5 (from .../libncurses5_5.7+20100313-5_i386.deb) ...
Selecting previously deselected package ncurses-base.
Unpacking ncurses-base (from .../ncurses-base_5.7+20100313-5_all.deb) ...
Selecting previously deselected package ncurses-bin.
dpkg: regarding .../ncurses-bin_5.7+20100313-5_i386.deb containing ncurses-bin, pre-dependency problem:
 ncurses-bin pre-depends on libncurses5 (>= 5.7+20100313)
  libncurses5 is unpacked, but has never been configured.
dpkg: warning: ignoring pre-dependency problem!
Unpacking ncurses-bin (from .../ncurses-bin_5.7+20100313-5_i386.deb) ...
Selecting previously deselected package libpam-modules.
dpkg: regarding .../libpam-modules_1.1.1-6.1+squeeze1_i386.deb containing libpam-modules, pre-dependency problem:
 libpam-modules pre-depends on libdb4.8
  libdb4.8 is unpacked, but has never been configured.
dpkg: warning: ignoring pre-dependency problem!
dpkg: regarding .../libpam-modules_1.1.1-6.1+squeeze1_i386.deb containing libpam-modules, pre-dependency problem:
 libpam-modules pre-depends on libpam0g (>= 1.1.0)
dpkg: warning: ignoring pre-dependency problem!
dpkg: regarding .../libpam-modules_1.1.1-6.1+squeeze1_i386.deb containing libpam-modules, pre-dependency problem:
 libpam-modules pre-depends on libselinux1 (>= 2.0.85)
  libselinux1 is unpacked, but has never been configured.
dpkg: warning: ignoring pre-dependency problem!
Unpacking libpam-modules (from .../libpam-modules_1.1.1-6.1+squeeze1_i386.deb) ...
Selecting previously deselected package libpam-runtime.
Unpacking libpam-runtime (from .../libpam-runtime_1.1.1-6.1+squeeze1_all.deb) ...
Selecting previously deselected package libpam0g.
Unpacking libpam0g (from .../libpam0g_1.1.1-6.1+squeeze1_i386.deb) ...
Preparing to replace perl-base 5.10.1-17squeeze3 (using .../perl-base_5.10.1-17squeeze3_i386.deb) ...
Unpacking replacement perl-base ...
Selecting previously deselected package sed.
dpkg: regarding .../archives/sed_4.2.1-7_i386.deb containing sed, pre-dependency problem:
 sed pre-depends on libselinux1 (>= 1.32)
  libselinux1 is unpacked, but has never been configured.
dpkg: warning: ignoring pre-dependency problem!
Unpacking sed (from .../archives/sed_4.2.1-7_i386.deb) ...
Selecting previously deselected package sensible-utils.
Unpacking sensible-utils (from .../sensible-utils_0.0.4_all.deb) ...
Selecting previously deselected package login.
dpkg: regarding .../login_1%3a4.1.4.2+svn3283-2+squeeze1_i386.deb containing login, pre-dependency problem:
 login pre-depends on libpam0g (>= 0.99.7.1)
  libpam0g is unpacked, but has never been configured.
dpkg: warning: ignoring pre-dependency problem!
dpkg: regarding .../login_1%3a4.1.4.2+svn3283-2+squeeze1_i386.deb containing login, pre-dependency problem:
 login pre-depends on libpam-runtime
  libpam-runtime is unpacked, but has never been configured.
dpkg: warning: ignoring pre-dependency problem!
dpkg: regarding .../login_1%3a4.1.4.2+svn3283-2+squeeze1_i386.deb containing login, pre-dependency problem:
 login pre-depends on libpam-modules
  libpam-modules is unpacked, but has never been configured.
dpkg: warning: ignoring pre-dependency problem!
Unpacking login (from .../login_1%3a4.1.4.2+svn3283-2+squeeze1_i386.deb) ...
Selecting previously deselected package passwd.
Unpacking passwd (from .../passwd_1%3a4.1.4.2+svn3283-2+squeeze1_i386.deb) ...
Selecting previously deselected package libslang2.
Unpacking libslang2 (from .../libslang2_2.2.2-4_i386.deb) ...
Selecting previously deselected package initscripts.
Unpacking initscripts (from .../initscripts_2.88dsf-13.1_i386.deb) ...
Selecting previously deselected package sysv-rc.
Unpacking sysv-rc (from .../sysv-rc_2.88dsf-13.1_all.deb) ...
Selecting previously deselected package sysvinit-utils.
Unpacking sysvinit-utils (from .../sysvinit-utils_2.88dsf-13.1_i386.deb) ...
Selecting previously deselected package sysvinit.
dpkg: regarding .../sysvinit_2.88dsf-13.1_i386.deb containing sysvinit, pre-dependency problem:
 sysvinit pre-depends on initscripts
  initscripts is unpacked, but has never been configured.
dpkg: warning: ignoring pre-dependency problem!
dpkg: regarding .../sysvinit_2.88dsf-13.1_i386.deb containing sysvinit, pre-dependency problem:
 sysvinit pre-depends on sysv-rc | file-rc
  sysv-rc is unpacked, but has never been configured.
  file-rc is not installed.
dpkg: warning: ignoring pre-dependency problem!
dpkg: regarding .../sysvinit_2.88dsf-13.1_i386.deb containing sysvinit, pre-dependency problem:
 sysvinit pre-depends on sysvinit-utils (>= 2.86.ds1-66)
  sysvinit-utils is unpacked, but has never been configured.
dpkg: warning: ignoring pre-dependency problem!
Unpacking sysvinit (from .../sysvinit_2.88dsf-13.1_i386.deb) ...
Selecting previously deselected package tar.
Unpacking tar (from .../archives/tar_1.23-3_i386.deb) ...
Selecting previously deselected package tzdata.
Unpacking tzdata (from .../tzdata_2011n-0squeeze1_all.deb) ...
Selecting previously deselected package bsdutils.
Unpacking bsdutils (from .../bsdutils_1%3a2.17.2-9_i386.deb) ...
Selecting previously deselected package libblkid1.
Unpacking libblkid1 (from .../libblkid1_2.17.2-9_i386.deb) ...
Selecting previously deselected package libuuid1.
Unpacking libuuid1 (from .../libuuid1_2.17.2-9_i386.deb) ...
Selecting previously deselected package mount.
dpkg: regarding .../mount_2.17.2-9_i386.deb containing mount, pre-dependency problem:
 mount pre-depends on libblkid1 (>= 2.17.2)
  libblkid1 is unpacked, but has never been configured.
dpkg: warning: ignoring pre-dependency problem!
dpkg: regarding .../mount_2.17.2-9_i386.deb containing mount, pre-dependency problem:
 mount pre-depends on libselinux1 (>= 2.0.15)
  libselinux1 is unpacked, but has never been configured.
dpkg: warning: ignoring pre-dependency problem!
dpkg: regarding .../mount_2.17.2-9_i386.deb containing mount, pre-dependency problem:
 mount pre-depends on libsepol1 (>= 1.14)
  libsepol1 is unpacked, but has never been configured.
dpkg: warning: ignoring pre-dependency problem!
dpkg: regarding .../mount_2.17.2-9_i386.deb containing mount, pre-dependency problem:
 mount pre-depends on libuuid1 (>= 2.16)
  libuuid1 is unpacked, but has never been configured.
dpkg: warning: ignoring pre-dependency problem!
Unpacking mount (from .../mount_2.17.2-9_i386.deb) ...
Selecting previously deselected package util-linux.
dpkg: regarding .../util-linux_2.17.2-9_i386.deb containing util-linux, pre-dependency problem:
 util-linux pre-depends on libblkid1 (>= 2.17.2)
  libblkid1 is unpacked, but has never been configured.
dpkg: warning: ignoring pre-dependency problem!
dpkg: regarding .../util-linux_2.17.2-9_i386.deb containing util-linux, pre-dependency problem:
 util-linux pre-depends on libncurses5 (>= 5.7+20100313)
  libncurses5 is unpacked, but has never been configured.
dpkg: warning: ignoring pre-dependency problem!
dpkg: regarding .../util-linux_2.17.2-9_i386.deb containing util-linux, pre-dependency problem:
 util-linux pre-depends on libselinux1 (>= 1.32)
  libselinux1 is unpacked, but has never been configured.
dpkg: warning: ignoring pre-dependency problem!
dpkg: regarding .../util-linux_2.17.2-9_i386.deb containing util-linux, pre-dependency problem:
 util-linux pre-depends on libslang2 (>= 2.0.7-1)
  libslang2 is unpacked, but has never been configured.
dpkg: warning: ignoring pre-dependency problem!
dpkg: regarding .../util-linux_2.17.2-9_i386.deb containing util-linux, pre-dependency problem:
 util-linux pre-depends on libuuid1 (>= 2.16)
  libuuid1 is unpacked, but has never been configured.
dpkg: warning: ignoring pre-dependency problem!
dpkg: regarding .../util-linux_2.17.2-9_i386.deb containing util-linux, pre-dependency problem:
 util-linux pre-depends on zlib1g (>= 1:1.1.4)
dpkg: warning: ignoring pre-dependency problem!
Unpacking util-linux (from .../util-linux_2.17.2-9_i386.deb) ...
Selecting previously deselected package liblzma2.
Unpacking liblzma2 (from .../liblzma2_5.0.0-2_i386.deb) ...
Selecting previously deselected package xz-utils.
Unpacking xz-utils (from .../xz-utils_5.0.0-2_i386.deb) ...
Selecting previously deselected package zlib1g.
Unpacking zlib1g (from .../zlib1g_1%3a1.2.3.4.dfsg-3_i386.deb) ...
Setting up ncurses-base (5.7+20100313-5) ...
Setting up sensible-utils (0.0.4) ...
Setting up libc-bin (2.11.3-2) ...
Setting up gcc-4.4-base (4.4.5-8) ...
Setting up libc6 (2.11.3-2) ...
Setting up debianutils (3.4) ...
Setting up bsdutils (1:2.17.2-9) ...
Setting up libsepol1 (2.0.41-1) ...
Setting up diffutils (1:3.0-1) ...
Setting up tar (1.23-3) ...
update-alternatives: using /usr/sbin/rmt-tar to provide /usr/sbin/rmt (rmt) in auto mode.
Setting up zlib1g (1:1.2.3.4.dfsg-3) ...
Setting up libgcc1 (1:4.4.5-8) ...
Setting up libncurses5 (5.7+20100313-5) ...
Setting up libattr1 (1:2.4.44-2) ...
Setting up e2fslibs (1.41.12-4stable1) ...
Setting up base-passwd (3.5.22) ...
Setting up libcomerr2 (1.41.12-4stable1) ...
Setting up mawk (1.3.3-15) ...
Setting up libdb4.8 (4.8.30-2) ...
Setting up hostname (3.04) ...
Setting up libacl1 (2.2.49-4) ...
Setting up libslang2 (2.2.2-4) ...
Setting up libss2 (1.41.12-4stable1) ...
Setting up liblzma2 (5.0.0-2) ...
Setting up insserv (1.14.0-2) ...
Setting up gzip (1.3.12-9) ...
Setting up libbz2-1.0 (1.0.5-6+squeeze1) ...
Setting up libselinux1 (2.0.96-1) ...
Setting up libstdc++6 (4.4.5-8) ...
Setting up coreutils (8.5-1) ...
Setting up ncurses-bin (5.7+20100313-5) ...
Setting up base-files (6.0squeeze4) ...
Setting up xz-utils (5.0.0-2) ...
Setting up dpkg (1.15.8.12) ...
Setting up sysvinit-utils (2.88dsf-13.1) ...
Setting up dash (0.5.5.1-7.4) ...
Setting up perl-base (5.10.1-17squeeze3) ...
Setting up libtext-iconv-perl (1.7-2) ...
Setting up sed (4.2.1-7) ...
Setting up grep (2.6.3-3) ...
Setting up findutils (4.4.2-1+b1) ...
Setting up liblocale-gettext-perl (1.05-6) ...
Setting up bash (4.1-3) ...
update-alternatives: using /usr/share/man/man7/bash-builtins.7.gz to provide /usr/share/man/man7/builtins.7.gz (builtins.7.gz) in auto mode.
Setting up libtext-charwidth-perl (0.04-6) ...
Setting up libtext-wrapi18n-perl (0.06-7) ...
Setting up lsb-base (3.2-23.2squeeze1) ...
Setting up debconf-i18n (1.5.36.1) ...
Setting up debconf (1.5.36.1) ...
Setting up libpam0g (1.1.1-6.1+squeeze1) ...
Setting up sysv-rc (2.88dsf-13.1) ...
Setting up libpam-modules (1.1.1-6.1+squeeze1) ...
Setting up tzdata (2011n-0squeeze1) ...

Current default time zone: 'Etc/UTC'
Local time is now:      Sat Feb 18 12:16:46 UTC 2012.
Universal Time is now:  Sat Feb 18 12:16:46 UTC 2012.
Run 'dpkg-reconfigure tzdata' if you wish to change it.

Setting up passwd (1:4.1.4.2+svn3283-2+squeeze1) ...
Shadow passwords are now on.
Setting up libpam-runtime (1.1.1-6.1+squeeze1) ...
Setting up login (1:4.1.4.2+svn3283-2+squeeze1) ...
Setting up libuuid1 (2.17.2-9) ...
Setting up libblkid1 (2.17.2-9) ...
Setting up mount (2.17.2-9) ...
Setting up initscripts (2.88dsf-13.1) ...
Setting up util-linux (2.17.2-9) ...
update-alternatives: using /bin/more to provide /usr/bin/pager (pager) in auto mode.
Setting up sysvinit (2.88dsf-13.1) ...
sysvinit: creating /dev/initctl
init: timeout opening/writing control channel /dev/initctl
Setting up e2fsprogs (1.41.12-4stable1) ...
(Reading database ... 5751 files and directories currently installed.)
Unpacking adduser (from .../adduser_3.112+nmu2_all.deb) ...
Unpacking apt-utils (from .../apt-utils_0.8.10.3+squeeze1_i386.deb) ...
Unpacking apt (from .../apt_0.8.10.3+squeeze1_i386.deb) ...
Unpacking aptitude (from .../aptitude_0.6.3-3.2+squeeze1_i386.deb) ...
Unpacking libboost-iostreams1.42.0 (from .../libboost-iostreams1.42.0_1.42.0-4_i386.deb) ...
Unpacking bsdmainutils (from .../bsdmainutils_8.0.13_i386.deb) ...
Unpacking cpio (from .../archives/cpio_2.11-4_i386.deb) ...
Unpacking cron (from .../cron_3.0pl1-116_i386.deb) ...
Unpacking libcwidget3 (from .../libcwidget3_0.5.16-3_i386.deb) ...
Unpacking debian-archive-keyring (from .../debian-archive-keyring_2010.08.28_all.deb) ...
Unpacking dmidecode (from .../dmidecode_2.9-1.2_i386.deb) ...
Unpacking libgdbm3 (from .../libgdbm3_1.8.3-9_i386.deb) ...
Unpacking gnupg (from .../gnupg_1.4.10-4_i386.deb) ...
Unpacking gpgv (from .../gpgv_1.4.10-4_i386.deb) ...
Unpacking groff-base (from .../groff-base_1.20.1-10_i386.deb) ...
Unpacking ifupdown (from .../ifupdown_0.6.10_i386.deb) ...
Unpacking iproute (from .../iproute_20100519-3_i386.deb) ...
Unpacking iptables (from .../iptables_1.4.8-3_i386.deb) ...
Unpacking iputils-ping (from .../iputils-ping_3%3a20100418-3_i386.deb) ...
Unpacking isc-dhcp-client (from .../isc-dhcp-client_4.1.1-P1-15+squeeze3_i386.deb) ...
Unpacking isc-dhcp-common (from .../isc-dhcp-common_4.1.1-P1-15+squeeze3_i386.deb) ...
Unpacking logrotate (from .../logrotate_3.7.8-6_i386.deb) ...
Unpacking libept1 (from .../libept1_1.0.4_i386.deb) ...
Unpacking libnfnetlink0 (from .../libnfnetlink0_1.0.0-1_i386.deb) ...
Unpacking libsigc++-2.0-0c2a (from .../libsigc++-2.0-0c2a_2.2.4.2-1_i386.deb) ...
Unpacking libusb-0.1-4 (from .../libusb-0.1-4_2%3a0.1.12-16_i386.deb) ...
Unpacking man-db (from .../man-db_2.5.7-8_i386.deb) ...
Unpacking manpages (from .../manpages_3.27-1_all.deb) ...
Unpacking module-init-tools (from .../module-init-tools_3.12-2+b1_i386.deb) ...
Unpacking nano (from .../archives/nano_2.2.4-1_i386.deb) ...
Unpacking libncursesw5 (from .../libncursesw5_5.7+20100313-5_i386.deb) ...
Unpacking net-tools (from .../net-tools_1.60-23_i386.deb) ...
Unpacking netbase (from .../archives/netbase_4.45_all.deb) ...
Unpacking netcat-traditional (from .../netcat-traditional_1.10-38_i386.deb) ...
Unpacking libnewt0.52 (from .../libnewt0.52_0.52.11-1_i386.deb) ...
Unpacking whiptail (from .../whiptail_0.52.11-1_i386.deb) ...
Unpacking libssl0.9.8 (from .../libssl0.9.8_0.9.8o-4squeeze7_i386.deb) ...
Unpacking libpopt0 (from .../libpopt0_1.16-1_i386.deb) ...
Unpacking procps (from .../procps_1%3a3.2.8-9_i386.deb) ...
Unpacking libreadline6 (from .../libreadline6_6.1-3_i386.deb) ...
Unpacking readline-common (from .../readline-common_6.1-3_all.deb) ...
Unpacking rsyslog (from .../rsyslog_4.6.4-2_i386.deb) ...
Unpacking libsqlite3-0 (from .../libsqlite3-0_3.7.3-1_i386.deb) ...
Unpacking tasksel-data (from .../tasksel-data_2.88_all.deb) ...
Unpacking tasksel (from .../archives/tasksel_2.88_all.deb) ...
Unpacking info (from .../info_4.13a.dfsg.1-6_i386.deb) ...
Unpacking install-info (from .../install-info_4.13a.dfsg.1-6_i386.deb) ...
Unpacking traceroute (from .../traceroute_1%3a2.0.15-1_i386.deb) ...
Unpacking libudev0 (from .../libudev0_164-3_i386.deb) ...
Unpacking udev (from .../archives/udev_164-3_i386.deb) ...
Unpacking vim-common (from .../vim-common_2%3a7.2.445+hg~cb94c42c0e1a-1_i386.deb) ...
Unpacking vim-tiny (from .../vim-tiny_2%3a7.2.445+hg~cb94c42c0e1a-1_i386.deb) ...
Unpacking wget (from .../wget_1.12-2.1_i386.deb) ...
Unpacking libxapian22 (from .../libxapian22_1.2.3-2_i386.deb) ...
Setting up module-init-tools (3.12-2+b1) ...
Setting up libgdbm3 (1.8.3-9) ...
Setting up isc-dhcp-common (4.1.1-P1-15+squeeze3) ...
Setting up libpopt0 (1.16-1) ...
Setting up libusb-0.1-4 (2:0.1.12-16) ...
Setting up libxapian22 (1.2.3-2) ...
Setting up install-info (4.13a.dfsg.1-6) ...
Setting up libssl0.9.8 (0.9.8o-4squeeze7) ...
Setting up vim-common (2:7.2.445+hg~cb94c42c0e1a-1) ...
Setting up netbase (4.45) ...
Setting up dmidecode (2.9-1.2) ...
Setting up libudev0 (164-3) ...
Setting up adduser (3.112+nmu2) ...
Setting up traceroute (1:2.0.15-1) ...
update-alternatives: using /usr/bin/traceroute.db to provide /usr/bin/traceroute (traceroute) in auto mode.
update-alternatives: using /usr/bin/traceroute6.db to provide /usr/bin/traceroute6 (traceroute6) in auto mode.
update-alternatives: using /usr/bin/lft.db to provide /usr/bin/lft (lft) in auto mode.
update-alternatives: using /usr/bin/traceproto.db to provide /usr/bin/traceproto (traceproto) in auto mode.
update-alternatives: using /usr/sbin/tcptraceroute.db to provide /usr/sbin/tcptraceroute (tcptraceroute) in auto mode.
Setting up manpages (3.27-1) ...
Setting up libsqlite3-0 (3.7.3-1) ...
Setting up iproute (20100519-3) ...
Setting up wget (1.12-2.1) ...
Setting up groff-base (1.20.1-10) ...
Setting up libnewt0.52 (0.52.11-1) ...
Setting up net-tools (1.60-23) ...
Setting up bsdmainutils (8.0.13) ...
update-alternatives: using /usr/bin/bsd-write to provide /usr/bin/write (write) in auto mode.
update-alternatives: using /usr/bin/bsd-from to provide /usr/bin/from (from) in auto mode.
Setting up libsigc++-2.0-0c2a (2.2.4.2-1) ...
Setting up netcat-traditional (1.10-38) ...
update-alternatives: using /bin/nc.traditional to provide /bin/nc (nc) in auto mode.
Setting up libncursesw5 (5.7+20100313-5) ...
Setting up info (4.13a.dfsg.1-6) ...
update-alternatives: using /usr/bin/info to provide /usr/bin/infobrowser (infobrowser) in auto mode.
Setting up iputils-ping (3:20100418-3) ...
Setting up cron (3.0pl1-116) ...
Adding group `crontab' (GID 102) ...
Done.
Starting periodic command scheduler: cron
Warning: Fake start-stop-daemon called, doing nothing
.
Setting up nano (2.2.4-1) ...
update-alternatives: using /bin/nano to provide /usr/bin/editor (editor) in auto mode.
update-alternatives: using /bin/nano to provide /usr/bin/pico (pico) in auto mode.
Setting up udev (164-3) ...
run_command: calling: test
udevadm_test: version 164
add_matching_files: unable to open '/dev/.udev/rules.d': No such file or directory
parse_file: reading '/lib/udev/rules.d/50-udev-default.rules' as rules file
parse_file: reading '/lib/udev/rules.d/60-gnupg.rules' as rules file
parse_file: reading '/lib/udev/rules.d/60-persistent-alsa.rules' as rules file
parse_file: reading '/lib/udev/rules.d/60-persistent-input.rules' as rules file
parse_file: reading '/lib/udev/rules.d/60-persistent-serial.rules' as rules file
parse_file: reading '/lib/udev/rules.d/60-persistent-storage-tape.rules' as rules file
parse_file: reading '/lib/udev/rules.d/60-persistent-storage.rules' as rules file
parse_file: reading '/lib/udev/rules.d/60-persistent-v4l.rules' as rules file
parse_file: reading '/lib/udev/rules.d/61-mobile-action.rules' as rules file
parse_file: reading '/lib/udev/rules.d/70-acl.rules' as rules file
parse_file: reading '/lib/udev/rules.d/70-hid2hci.rules' as rules file
parse_file: reading '/lib/udev/rules.d/75-cd-aliases-generator.rules' as rules file
parse_file: reading '/lib/udev/rules.d/75-net-description.rules' as rules file
parse_file: reading '/lib/udev/rules.d/75-persistent-net-generator.rules' as rules file
parse_file: reading '/lib/udev/rules.d/75-probe_mtd.rules' as rules file
parse_file: reading '/lib/udev/rules.d/75-tty-description.rules' as rules file
parse_file: reading '/lib/udev/rules.d/78-sound-card.rules' as rules file
parse_file: reading '/lib/udev/rules.d/79-fstab_import.rules' as rules file
parse_file: reading '/lib/udev/rules.d/80-drivers.rules' as rules file
parse_file: reading '/lib/udev/rules.d/85-hwclock.rules' as rules file
parse_file: reading '/lib/udev/rules.d/91-permissions.rules' as rules file
parse_file: reading '/lib/udev/rules.d/95-keyboard-force-release.rules' as rules file
parse_file: reading '/lib/udev/rules.d/95-keymap.rules' as rules file
parse_file: reading '/lib/udev/rules.d/95-udev-late.rules' as rules file
udev_rules_new: rules use 23220 bytes tokens (1935 * 12 bytes), 14185 bytes buffer
udev_rules_new: temporary index used 15600 bytes (780 * 20 bytes)
udev_device_new_from_syspath: device 0xb90cacc8 has devpath '/devices/pci0000:00/0000:00:1c.4/0000:06:00.0/net/eth0'
udev_device_new_from_syspath: device 0xb90caec0 has devpath '/devices/pci0000:00/0000:00:1c.4/0000:06:00.0/net/eth0'
udev_device_new_from_syspath: device 0xb90cb148 has devpath '/devices/pci0000:00/0000:00:1c.4/0000:06:00.0'
udev_device_new_from_syspath: device 0xb90cea78 has devpath '/devices/pci0000:00/0000:00:1c.4'
udev_device_new_from_syspath: device 0xb90cebf8 has devpath '/devices/pci0000:00'
udev_rules_apply_to_event: IMPORT 'pci-db /devices/pci0000:00/0000:00:1c.4/0000:06:00.0/net/eth0' /lib/udev/rules.d/75-net-description.rules:11
util_run_program: 'pci-db /devices/pci0000:00/0000:00:1c.4/0000:06:00.0/net/eth0' started
util_run_program: '/lib/udev/pci-db' (stderr) 'libudev: udev_device_new_from_syspath: device 0xb83800d0 has devpath '/devices/pci0000:00/0000:00:1c.4/0000:06:00.0/net/eth0''
util_run_program: '/lib/udev/pci-db' (stderr) 'libudev: udev_device_new_from_syspath: device 0xb8380310 has devpath '/devices/pci0000:00/0000:00:1c.4/0000:06:00.0''
util_run_program: '/lib/udev/pci-db' (stderr) 'Failed to open database file /usr/share/misc/pci.ids: No such file or directory'
util_run_program: 'pci-db /devices/pci0000:00/0000:00:1c.4/0000:06:00.0/net/eth0' returned with exitcode 1
udev_rules_apply_to_event: IMPORT 'write_net_rules' /lib/udev/rules.d/75-persistent-net-generator.rules:110
util_run_program: 'write_net_rules' started
util_run_program: 'write_net_rules' returned with exitcode 0
udev_rules_apply_to_event: RUN 'net.agent' /lib/udev/rules.d/80-drivers.rules:52
udev_device_update_db: created db file for '/devices/pci0000:00/0000:00:1c.4/0000:06:00.0/net/eth0' in '/dev/.udev/db/net:eth0'
udevadm_test: UDEV_LOG=6
udevadm_test: DEVPATH=/devices/pci0000:00/0000:00:1c.4/0000:06:00.0/net/eth0
udevadm_test: INTERFACE=eth0
udevadm_test: IFINDEX=2
udevadm_test: ACTION=add
udevadm_test: SUBSYSTEM=net
udevadm_test: ID_BUS=pci
udevadm_test: ID_VENDOR_ID=0x10ec
udevadm_test: ID_MODEL_ID=0x8168
udevadm_test: MATCHADDR=40:61:86:2b:8b:fe
udevadm_test: MATCHIFTYPE=1
udevadm_test: MATCHDEVID=0x0
udevadm_test: COMMENT=PCI device 0x10ec:0x8168 (r8169)
udevadm_test: run: 'net.agent'
run_command: calling: test
udevadm_test: version 164
add_matching_files: unable to open '/dev/.udev/rules.d': No such file or directory
parse_file: reading '/lib/udev/rules.d/50-udev-default.rules' as rules file
parse_file: reading '/lib/udev/rules.d/60-gnupg.rules' as rules file
parse_file: reading '/lib/udev/rules.d/60-persistent-alsa.rules' as rules file
parse_file: reading '/lib/udev/rules.d/60-persistent-input.rules' as rules file
parse_file: reading '/lib/udev/rules.d/60-persistent-serial.rules' as rules file
parse_file: reading '/lib/udev/rules.d/60-persistent-storage-tape.rules' as rules file
parse_file: reading '/lib/udev/rules.d/60-persistent-storage.rules' as rules file
parse_file: reading '/lib/udev/rules.d/60-persistent-v4l.rules' as rules file
parse_file: reading '/lib/udev/rules.d/61-mobile-action.rules' as rules file
parse_file: reading '/lib/udev/rules.d/70-acl.rules' as rules file
parse_file: reading '/lib/udev/rules.d/70-hid2hci.rules' as rules file
parse_file: reading '/etc/udev/rules.d/70-persistent-net.rules' as rules file
parse_file: reading '/lib/udev/rules.d/75-cd-aliases-generator.rules' as rules file
parse_file: reading '/lib/udev/rules.d/75-net-description.rules' as rules file
parse_file: reading '/lib/udev/rules.d/75-persistent-net-generator.rules' as rules file
parse_file: reading '/lib/udev/rules.d/75-probe_mtd.rules' as rules file
parse_file: reading '/lib/udev/rules.d/75-tty-description.rules' as rules file
parse_file: reading '/lib/udev/rules.d/78-sound-card.rules' as rules file
parse_file: reading '/lib/udev/rules.d/79-fstab_import.rules' as rules file
parse_file: reading '/lib/udev/rules.d/80-drivers.rules' as rules file
parse_file: reading '/lib/udev/rules.d/85-hwclock.rules' as rules file
parse_file: reading '/lib/udev/rules.d/91-permissions.rules' as rules file
parse_file: reading '/lib/udev/rules.d/95-keyboard-force-release.rules' as rules file
parse_file: reading '/lib/udev/rules.d/95-keymap.rules' as rules file
parse_file: reading '/lib/udev/rules.d/95-udev-late.rules' as rules file
udev_rules_new: rules use 23328 bytes tokens (1944 * 12 bytes), 14267 bytes buffer
udev_rules_new: temporary index used 15720 bytes (786 * 20 bytes)
udev_device_new_from_syspath: device 0xb8044d38 has devpath '/devices/virtual/net/lo'
udev_device_new_from_syspath: device 0xb8044eb0 has devpath '/devices/virtual/net/lo'
udev_rules_apply_to_event: RUN 'net.agent' /lib/udev/rules.d/80-drivers.rules:52
udevadm_test: UDEV_LOG=6
udevadm_test: DEVPATH=/devices/virtual/net/lo
udevadm_test: INTERFACE=lo
udevadm_test: IFINDEX=1
udevadm_test: ACTION=add
udevadm_test: SUBSYSTEM=net
udevadm_test: run: 'net.agent'
A chroot environment has been detected, udev not started.
Setting up libboost-iostreams1.42.0 (1.42.0-4) ...
Setting up rsyslog (4.6.4-2) ...
Starting enhanced syslogd: rsyslogd
Warning: Fake start-stop-daemon called, doing nothing
.
Setting up cpio (2.11-4) ...
update-alternatives: using /bin/mt-gnu to provide /bin/mt (mt) in auto mode.
Setting up isc-dhcp-client (4.1.1-P1-15+squeeze3) ...
Setting up vim-tiny (2:7.2.445+hg~cb94c42c0e1a-1) ...
update-alternatives: using /usr/bin/vim.tiny to provide /usr/bin/rview (rview) in auto mode.
update-alternatives: using /usr/bin/vim.tiny to provide /usr/bin/vi (vi) in auto mode.
update-alternatives: using /usr/bin/vim.tiny to provide /usr/bin/view (view) in auto mode.
update-alternatives: using /usr/bin/vim.tiny to provide /usr/bin/ex (ex) in auto mode.
Setting up readline-common (6.1-3) ...
Setting up libnfnetlink0 (1.0.0-1) ...
Setting up man-db (2.5.7-8) ...
Building database of manual pages ...
Setting up procps (1:3.2.8-9) ...
update-alternatives: using /usr/bin/w.procps to provide /usr/bin/w (w) in auto mode.
Setting kernel variables ...done.
Setting up whiptail (0.52.11-1) ...
Setting up ifupdown (0.6.10) ...
ifupdown.postinst: Warning: No 'iface lo' definition found in /etc/network/interfaces
ifupdown.postinst: Warning: No 'auto lo' statement found in /etc/network/interfaces
Setting up libreadline6 (6.1-3) ...
Setting up logrotate (3.7.8-6) ...
Setting up libcwidget3 (0.5.16-3) ...
Setting up iptables (1.4.8-3) ...
Setting up gpgv (1.4.10-4) ...
Setting up gnupg (1.4.10-4) ...
Setting up debian-archive-keyring (2010.08.28) ...
gpg: waiting for lock (held by 12698) ...
gpg: keyring `/etc/apt/secring.gpg' created
gpg: keyring `/etc/apt/trusted.gpg' created
gpg: /etc/apt/trustdb.gpg: trustdb created
gpg: key F42584E6: public key "Lenny Stable Release Key <debian-release@lists.debian.org>" imported
gpg: key 55BE302B: public key "Debian Archive Automatic Signing Key (5.0/lenny) <ftpmaster@debian.org>" imported
gpg: key 6D849617: public key "Debian-Volatile Archive Automatic Signing Key (5.0/lenny)" imported
gpg: key B98321F9: public key "Squeeze Stable Release Key <debian-release@lists.debian.org>" imported
gpg: key 473041FA: public key "Debian Archive Automatic Signing Key (6.0/squeeze) <ftpmaster@debian.org>" imported
gpg: Total number processed: 5
gpg:               imported: 5  (RSA: 4)
gpg: no ultimately trusted keys found
Setting up apt (0.8.10.3+squeeze1) ...
gpg: key F42584E6: "Lenny Stable Release Key <debian-release@lists.debian.org>" not changed
gpg: key 55BE302B: "Debian Archive Automatic Signing Key (5.0/lenny) <ftpmaster@debian.org>" not changed
gpg: key 6D849617: "Debian-Volatile Archive Automatic Signing Key (5.0/lenny)" not changed
gpg: key B98321F9: "Squeeze Stable Release Key <debian-release@lists.debian.org>" not changed
gpg: key 473041FA: "Debian Archive Automatic Signing Key (6.0/squeeze) <ftpmaster@debian.org>" not changed
gpg: Total number processed: 5
gpg:              unchanged: 5
Setting up libept1 (1.0.4) ...
Setting up apt-utils (0.8.10.3+squeeze1) ...
Setting up aptitude (0.6.3-3.2+squeeze1) ...
update-alternatives: using /usr/bin/aptitude-curses to provide /usr/bin/aptitude (aptitude) in auto mode.
Setting up tasksel-data (2.88) ...
Setting up tasksel (2.88) ...
