nvidia-installer log file '/var/log/nvidia-installer.log'
creation time: Tue May 22 13:13:26 2012
installer version: 295.53

PATH: /usr/local/sbin:/usr/local/bin:/usr/sbin:/usr/bin:/sbin:/bin

nvidia-installer command line:
    ./nvidia-installer
    -a
    -z
    --no-x-check
    --no-kernel-module
    -e

chdir("./")
Using: nvidia-installer ncurses user interface
-> Searching for system utilities:
-> found `ldconfig` : `/sbin/ldconfig`
-> found `ldd` : `/usr/bin/ldd`
-> found `ld` : `/usr/bin/ld`
-> found `objcopy` : `/usr/bin/objcopy`
-> found `grep` : `/bin/grep`
-> found `dmesg` : `/bin/dmesg`
-> found `tail` : `/usr/bin/tail`
-> found `cut` : `/usr/bin/cut`
-> found `tr` : `/usr/bin/tr`
-> found `sed` : `/bin/sed`
-> found `chcon` : `/usr/bin/chcon`
-> found `X` : `/usr/bin/X`
-> Searching for module utilities:
-> found `insmod` : `/sbin/insmod`
-> found `modprobe` : `/sbin/modprobe`
-> found `rmmod` : `/sbin/rmmod`
-> found `lsmod` : `/sbin/lsmod`
-> found `depmod` : `/sbin/depmod`
-> The file '/tmp/.X0-lock' exists and appears to contain the process ID '2872' of a runnning X server.
-> Continuing per the '--no-x-check' option.
-> Not installing a kernel module; skipping the "is an NVIDIA kernel module loaded?" test.
-> License accepted by command line option.
-> Installing NVIDIA driver version 295.53.
-> There appears to already be a driver installed on your system (version: 295.40).  As part of installing this driver (version: 295.53), the existing driver will be uninstalled.  Are you sure you want to continue? ('no' will abort installation) (Answer: Yes)
-> No distribution pre-install script found.
WARNING: You specified the '--no-kernel-module' command line option, nvidia-installer will not install a kernel module as part of this driver installation, and it will not remove existing NVIDIA kernel modules not part of an earlier NVIDIA driver installation.  Please ensure that an NVIDIA kernel module matching this driver version is installed seperately.
-> X installation prefix (only under rare circumstances should this be changed from the default) (Answer: '/usr')
-> X installation prefix is: '/usr'
-> X library path '/usr/lib' determined from `/usr/bin/X -showDefaultLibPath`
-> X module path '/usr/lib/xorg/modules' determined from `/usr/bin/X -showDefaultModulePath`
-> X library installation path (only under rare circumstances should this be changed from the default) (Answer: '/usr/lib')
-> X library installation path is: '/usr/lib'
-> X module installation path (only under rare circumstances should this be changed from the default) (Answer: '/usr/lib/xorg/modules')
-> X module installation path is: '/usr/lib/xorg/modules'
-> OpenGL installation prefix (only under rare circumstances should this be changed from the default) (Answer: '/usr')
-> OpenGL installation prefix is: '/usr'
-> Documentation installation prefix (only under rare circumstances should this be changed from the default) (Answer: '/usr')
-> Documentation installation prefix is: '/usr'
-> Utility installation prefix (only under rare circumstances should this be changed from the default) (Answer: '/usr')
-> Utility installation prefix is: '/usr'
-> Install NVIDIA's OpenGL header files? (Answer: No)
-> Installation will not install the OpenGL header files.
-> Installing both new and classic TLS OpenGL libraries.
ERROR: The directory permissions of /var/lib/nvidia have been changed sincethe directory was created!
ERROR: Uninstallation failed.
-> Searching for conflicting X files:
-> done.
-> Searching for conflicting OpenGL files:
-> done.
-> Not creating a symlink from /usr/lib/xorg/modules/libwfb.so to libnvidia-wfb.so.1 because a file already exists at that path or the path is inaccessible.
-> Installing 'NVIDIA Accelerated Graphics Driver for Linux-x86' (295.53):
-> Backing up: /usr/lib/libGL.la
-> Backing up: /usr/lib/libGL.so
-> Backing up: /usr/lib/libGL.so.1
-> Backing up: /usr/lib/libGL.so.1.2
-> Backing up: /usr/lib/libGL.so.295.40
-> Backing up: /usr/lib/libnvidia-glcore.so.295.40
-> Backing up: /usr/lib/xorg/modules/extensions/libglx.so
-> Backing up: /usr/lib/xorg/modules/extensions/libglx.so.295.40
-> Backing up: /usr/lib/libXvMCNVIDIA.a
-> Backing up: /usr/lib/libXvMCNVIDIA.so.295.40
-> Backing up: /usr/lib/libXvMCNVIDIA_dynamic.so
-> Backing up: /usr/lib/libXvMCNVIDIA_dynamic.so.1
-> Backing up: /usr/lib/libcuda.so
-> Backing up: /usr/lib/libcuda.so.1
-> Backing up: /usr/lib/libcuda.so.295.40
-> Backing up: /usr/lib/libnvcuvid.so
-> Backing up: /usr/lib/libnvcuvid.so.1
-> Backing up: /usr/lib/libnvcuvid.so.295.40
-> Backing up: /usr/lib/libnvidia-cfg.so
-> Backing up: /usr/lib/libnvidia-cfg.so.1
-> Backing up: /usr/lib/libnvidia-cfg.so.295.40
-> Backing up: /usr/lib/libnvidia-compiler.so.295.40
-> Backing up: /usr/lib/libnvidia-ml.so
-> Backing up: /usr/lib/libnvidia-ml.so.1
-> Backing up: /usr/lib/libnvidia-ml.so.295.40
-> Backing up: /usr/lib/libvdpau.so
-> Backing up: /usr/lib/libvdpau.so.1
-> Backing up: /usr/lib/libvdpau.so.295.40
-> Backing up: /usr/lib/libvdpau_nvidia.so
-> Backing up: /usr/lib/libvdpau_trace.so
-> Backing up: /usr/lib/vdpau/libvdpau_nvidia.so.1
-> Backing up: /usr/lib/vdpau/libvdpau_nvidia.so.295.40
-> Backing up: /usr/lib/vdpau/libvdpau_trace.so.1
-> Backing up: /usr/lib/vdpau/libvdpau_trace.so.295.40
-> Backing up: /usr/lib/xorg/modules/drivers/nvidia_drv.so
-> Backing up: /usr/lib/libnvidia-tls.so.295.40
-> Backing up: /usr/lib/tls/libnvidia-tls.so.295.40
-> Backing up: /usr/lib/xorg/modules/libnvidia-wfb.so.1
-> Backing up: /usr/bin/nvidia-xconfig
-> Backing up: /usr/lib/libOpenCL.so.1.0.0
-> Backing up: /usr/lib/libOpenCL.so.1.0
-> Backing up: /usr/lib/libOpenCL.so.1
-> Backing up: /usr/lib/libOpenCL.so
-> Installing: libnvidia-glcore.so.295.53 --> /usr/lib/libnvidia-glcore.so.295.53
-> Installing: libGL.so.295.53 --> /usr/lib/libGL.so.295.53
-> Installing: libglx.so.295.53 --> /usr/lib/xorg/modules/extensions/libglx.so.295.53
-> Installing: libnvidia-tls.so.295.53 --> /usr/lib/libnvidia-tls.so.295.53
-> Installing: tls/libnvidia-tls.so.295.53 --> /usr/lib/tls/libnvidia-tls.so.295.53
-> Installing: nvidia_drv.so --> /usr/lib/xorg/modules/drivers/nvidia_drv.so
-> Installing: libnvidia-wfb.so.295.53 --> /usr/lib/xorg/modules/libnvidia-wfb.so.295.53
-> Installing: libXvMCNVIDIA.a --> /usr/lib/libXvMCNVIDIA.a
-> Installing: libXvMCNVIDIA.so.295.53 --> /usr/lib/libXvMCNVIDIA.so.295.53
-> Installing: NVIDIA_Changelog --> /usr/share/doc/NVIDIA_GLX-1.0/NVIDIA_Changelog
-> Installing: nvidia-settings.png --> /usr/share/doc/NVIDIA_GLX-1.0/nvidia-settings.png
-> Installing: LICENSE --> /usr/share/doc/NVIDIA_GLX-1.0/LICENSE
-> Installing: nvidia-smi --> /usr/bin/nvidia-smi
-> Installing: nvidia-smi.1.gz --> /usr/share/man/man1/nvidia-smi.1.gz
-> Installing: libnvidia-ml.so.295.53 --> /usr/lib/libnvidia-ml.so.295.53
-> Installing: nvidia-debugdump --> /usr/bin/nvidia-debugdump
-> Installing: nvidia-xconfig --> /usr/bin/nvidia-xconfig
-> Installing: nvidia-xconfig.1.gz --> /usr/share/man/man1/nvidia-xconfig.1.gz
-> Installing: nvidia-settings --> /usr/bin/nvidia-settings
-> Installing: nvidia-settings.1.gz --> /usr/share/man/man1/nvidia-settings.1.gz
-> Installing: nvidia-bug-report.sh --> /usr/bin/nvidia-bug-report.sh
-> Installing: nvidia-installer.1.gz --> /usr/share/man/man1/nvidia-installer.1.gz
-> Installing: nvidia-installer --> /usr/bin/nvidia-installer
-> Installing: libnvidia-cfg.so.295.53 --> /usr/lib/libnvidia-cfg.so.295.53
-> Installing: README.txt --> /usr/share/doc/NVIDIA_GLX-1.0/README.txt
-> Installing: libcuda.so.295.53 --> /usr/lib/libcuda.so.295.53
-> Installing: libOpenCL.so.1.0.0 --> /usr/lib/libOpenCL.so.1.0.0
-> Installing: nvidia.icd --> /etc/OpenCL/vendors/nvidia.icd
-> Installing: libnvidia-compiler.so.295.53 --> /usr/lib/libnvidia-compiler.so.295.53
-> Installing: libvdpau.so.295.53 --> /usr/lib/libvdpau.so.295.53
-> Installing: libvdpau_trace.so.295.53 --> /usr/lib/vdpau/libvdpau_trace.so.295.53
-> Installing: libvdpau_nvidia.so.295.53 --> /usr/lib/vdpau/libvdpau_nvidia.so.295.53
-> Installing: libnvcuvid.so.295.53 --> /usr/lib/libnvcuvid.so.295.53
-> Installing: html/acknowledgements.html --> /usr/share/doc/NVIDIA_GLX-1.0/html/acknowledgements.html
-> Installing: html/addtlresources.html --> /usr/share/doc/NVIDIA_GLX-1.0/html/addtlresources.html
-> Installing: html/appendices.html --> /usr/share/doc/NVIDIA_GLX-1.0/html/appendices.html
-> Installing: html/audiosupport.html --> /usr/share/doc/NVIDIA_GLX-1.0/html/audiosupport.html
-> Installing: html/commonproblems.html --> /usr/share/doc/NVIDIA_GLX-1.0/html/commonproblems.html
-> Installing: html/configlaptop.html --> /usr/share/doc/NVIDIA_GLX-1.0/html/configlaptop.html
-> Installing: html/configmultxscreens.html --> /usr/share/doc/NVIDIA_GLX-1.0/html/configmultxscreens.html
-> Installing: html/configtvout.html --> /usr/share/doc/NVIDIA_GLX-1.0/html/configtvout.html
-> Installing: html/configtwinview.html --> /usr/share/doc/NVIDIA_GLX-1.0/html/configtwinview.html
-> Installing: html/configuringagp.html --> /usr/share/doc/NVIDIA_GLX-1.0/html/configuringagp.html
-> Installing: html/depth30.html --> /usr/share/doc/NVIDIA_GLX-1.0/html/depth30.html
-> Installing: html/displaydevicenames.html --> /usr/share/doc/NVIDIA_GLX-1.0/html/displaydevicenames.html
-> Installing: html/dma_issues.html --> /usr/share/doc/NVIDIA_GLX-1.0/html/dma_issues.html
-> Installing: html/dpi.html --> /usr/share/doc/NVIDIA_GLX-1.0/html/dpi.html
-> Installing: html/editxconfig.html --> /usr/share/doc/NVIDIA_GLX-1.0/html/editxconfig.html
-> Installing: html/faq.html --> /usr/share/doc/NVIDIA_GLX-1.0/html/faq.html
-> Installing: html/flippingubb.html --> /usr/share/doc/NVIDIA_GLX-1.0/html/flippingubb.html
-> Installing: html/framelock.html --> /usr/share/doc/NVIDIA_GLX-1.0/html/framelock.html
-> Installing: html/glxsupport.html --> /usr/share/doc/NVIDIA_GLX-1.0/html/glxsupport.html
-> Installing: html/i2c.html --> /usr/share/doc/NVIDIA_GLX-1.0/html/i2c.html
-> Installing: html/index.html --> /usr/share/doc/NVIDIA_GLX-1.0/html/index.html
-> Installing: html/installationandconfiguration.html --> /usr/share/doc/NVIDIA_GLX-1.0/html/installationandconfiguration.html
-> Installing: html/installdriver.html --> /usr/share/doc/NVIDIA_GLX-1.0/html/installdriver.html
-> Installing: html/installedcomponents.html --> /usr/share/doc/NVIDIA_GLX-1.0/html/installedcomponents.html
-> Installing: html/introduction.html --> /usr/share/doc/NVIDIA_GLX-1.0/html/introduction.html
-> Installing: html/knownissues.html --> /usr/share/doc/NVIDIA_GLX-1.0/html/knownissues.html
-> Installing: html/minimumrequirements.html --> /usr/share/doc/NVIDIA_GLX-1.0/html/minimumrequirements.html
-> Installing: html/newusertips.html --> /usr/share/doc/NVIDIA_GLX-1.0/html/newusertips.html
-> Installing: html/nvidia-debugdump.html --> /usr/share/doc/NVIDIA_GLX-1.0/html/nvidia-debugdump.html
-> Installing: html/nvidia-ml.html --> /usr/share/doc/NVIDIA_GLX-1.0/html/nvidia-ml.html
-> Installing: html/nvidia-smi.html --> /usr/share/doc/NVIDIA_GLX-1.0/html/nvidia-smi.html
-> Installing: html/nvidiasettings.html --> /usr/share/doc/NVIDIA_GLX-1.0/html/nvidiasettings.html
-> Installing: html/openglenvvariables.html --> /usr/share/doc/NVIDIA_GLX-1.0/html/openglenvvariables.html
-> Installing: html/optimus.html --> /usr/share/doc/NVIDIA_GLX-1.0/html/optimus.html
-> Installing: html/powermanagement.html --> /usr/share/doc/NVIDIA_GLX-1.0/html/powermanagement.html
-> Installing: html/procinterface.html --> /usr/share/doc/NVIDIA_GLX-1.0/html/procinterface.html
-> Installing: html/programmingmodes.html --> /usr/share/doc/NVIDIA_GLX-1.0/html/programmingmodes.html
-> Installing: html/sdi.html --> /usr/share/doc/NVIDIA_GLX-1.0/html/sdi.html
-> Installing: html/selectdriver.html --> /usr/share/doc/NVIDIA_GLX-1.0/html/selectdriver.html
-> Installing: html/sli.html --> /usr/share/doc/NVIDIA_GLX-1.0/html/sli.html
-> Installing: html/supportedchips.html --> /usr/share/doc/NVIDIA_GLX-1.0/html/supportedchips.html
-> Installing: html/vdpausupport.html --> /usr/share/doc/NVIDIA_GLX-1.0/html/vdpausupport.html
-> Installing: html/xcompositeextension.html --> /usr/share/doc/NVIDIA_GLX-1.0/html/xcompositeextension.html
-> Installing: html/xconfigoptions.html --> /usr/share/doc/NVIDIA_GLX-1.0/html/xconfigoptions.html
-> Installing: html/xineramaglx.html --> /usr/share/doc/NVIDIA_GLX-1.0/html/xineramaglx.html
-> Installing: html/xrandrextension.html --> /usr/share/doc/NVIDIA_GLX-1.0/html/xrandrextension.html
-> Installing: html/xvmcsupport.html --> /usr/share/doc/NVIDIA_GLX-1.0/html/xvmcsupport.html
-> Installing: /tmp/template-hZ8unJ --> /usr/lib/libGL.la
-> Deleting: /tmp/template-hZ8unJ
-> Installing: /tmp/template-a7ceKT --> /usr/share/applications/nvidia-settings.desktop
-> Deleting: /tmp/template-a7ceKT
-> Creating symlink: /usr/lib/libGL.so.1 -> libGL.so.295.53
-> Creating symlink: /usr/lib/libGL.so -> libGL.so.1
-> Creating symlink: /usr/lib/xorg/modules/extensions/libglx.so -> libglx.so.295.53
-> Creating symlink: /usr/lib/xorg/modules/libnvidia-wfb.so.1 -> libnvidia-wfb.so.295.53
-> Creating symlink: /usr/lib/libXvMCNVIDIA_dynamic.so.1 -> libXvMCNVIDIA.so.295.53
-> Creating symlink: /usr/lib/libXvMCNVIDIA_dynamic.so -> libXvMCNVIDIA_dynamic.so.1
-> Creating symlink: /usr/lib/libnvidia-ml.so.1 -> libnvidia-ml.so.295.53
-> Creating symlink: /usr/lib/libnvidia-ml.so -> libnvidia-ml.so.1
-> Creating symlink: /usr/bin/nvidia-uninstall -> nvidia-installer
-> Creating symlink: /usr/lib/libnvidia-cfg.so.1 -> libnvidia-cfg.so.295.53
-> Creating symlink: /usr/lib/libnvidia-cfg.so -> libnvidia-cfg.so.1
-> Creating symlink: /usr/lib/libcuda.so.1 -> libcuda.so.295.53
-> Creating symlink: /usr/lib/libcuda.so -> libcuda.so.1
-> Creating symlink: /usr/lib/libOpenCL.so.1.0 -> libOpenCL.so.1.0.0
-> Creating symlink: /usr/lib/libOpenCL.so.1 -> libOpenCL.so.1.0
-> Creating symlink: /usr/lib/libOpenCL.so -> libOpenCL.so.1
-> Creating symlink: /usr/lib/libvdpau.so.1 -> libvdpau.so.295.53
-> Creating symlink: /usr/lib/libvdpau.so -> libvdpau.so.1
-> Creating symlink: /usr/lib/vdpau/libvdpau_trace.so.1 -> libvdpau_trace.so.295.53
-> Creating symlink: /usr/lib/libvdpau_trace.so -> vdpau/libvdpau_trace.so.295.53
-> Creating symlink: /usr/lib/vdpau/libvdpau_nvidia.so.1 -> libvdpau_nvidia.so.295.53
-> Creating symlink: /usr/lib/libvdpau_nvidia.so -> vdpau/libvdpau_nvidia.so.295.53
-> Creating symlink: /usr/lib/libnvcuvid.so.1 -> libnvcuvid.so.295.53
-> Creating symlink: /usr/lib/libnvcuvid.so -> libnvcuvid.so.1
-> Executing: /sbin/ldconfig
   executing: '/sbin/ldconfig'...
   /sbin/ldconfig: /usr/lib/libopcodes-2.20.1-system.20100303.so is not a symbolic link
   
   /sbin/ldconfig: /usr/lib/libbfd-2.20.1-system.20100303.so is not a symbolic link
   
-> Executing: /sbin/depmod -aq
   executing: '/sbin/depmod -aq'...
-> done.
-> Driver file installation is complete.
-> No distribution post-install script found.
-> Running post-install sanity check:
-> done.
-> Post-install sanity check passed.
-> Shared memory test passed.
-> Running runtime sanity check:
-> done.
-> Runtime sanity check passed.
-> Would you like to run the nvidia-xconfig utility to automatically update your X configuration file so that the NVIDIA X driver will be used when you restart X?  Any pre-existing X configuration file will be backed up. (Answer: No)
-> Installation of the NVIDIA Accelerated Graphics Driver for Linux-x86 (version: 295.53) is now complete.  Please update your XF86Config or xorg.conf file as appropriate; see the file /usr/share/doc/NVIDIA_GLX-1.0/README.txt for details.
